D:\FAST NUCES\MY PROGRAMS\D1_19L-1110_(TRAIN)\D1_19L-1110_(TRAIN)\DEBUG\TRAINBOGIES.OBJ
D:\FAST NUCES\MY PROGRAMS\D1_19L-1110_(TRAIN)\D1_19L-1110_(TRAIN)\DEBUG\PASSENGERSDETAILS.OBJ
D:\FAST NUCES\MY PROGRAMS\D1_19L-1110_(TRAIN)\D1_19L-1110_(TRAIN)\DEBUG\MAINMENUFORM.OBJ
D:\FAST NUCES\MY PROGRAMS\D1_19L-1110_(TRAIN)\D1_19L-1110_(TRAIN)\DEBUG\MAIN.OBJ
D:\FAST NUCES\MY PROGRAMS\D1_19L-1110_(TRAIN)\D1_19L-1110_(TRAIN)\DEBUG\KIDSINFO.OBJ
D:\FAST NUCES\MY PROGRAMS\D1_19L-1110_(TRAIN)\D1_19L-1110_(TRAIN)\DEBUG\BOGIEIDFORM.OBJ
D:\FAST NUCES\MY PROGRAMS\D1_19L-1110_(TRAIN)\D1_19L-1110_(TRAIN)\DEBUG\BOGIEDETAILS.OBJ
D:\FAST NUCES\MY PROGRAMS\D1_19L-1110_(TRAIN)\D1_19L-1110_(TRAIN)\DEBUG\ADULTSINFO.OBJ
D:\FAST NUCES\MY PROGRAMS\D1_19L-1110_(TRAIN)\D1_19L-1110_(TRAIN)\DEBUG\VC110.PDB
D:\FAST NUCES\MY PROGRAMS\D1_19L-1110_(TRAIN)\D1_19L-1110_(TRAIN)\DEBUG\.NETFRAMEWORK,VERSION=V4.5.ASSEMBLYATTRIBUTES.OBJ
D:\FAST NUCES\My Programs\D1_19L-1110_(Train)\D1_19L-1110_(Train)\Debug\D1_19L1110_Train.adultsInfo.resources
D:\FAST NUCES\My Programs\D1_19L-1110_(Train)\D1_19L-1110_(Train)\Debug\D1_19L1110_Train.bogieDetails.resources
D:\FAST NUCES\My Programs\D1_19L-1110_(Train)\D1_19L-1110_(Train)\Debug\D1_19L1110_Train.bogieIDForm.resources
D:\FAST NUCES\My Programs\D1_19L-1110_(Train)\D1_19L-1110_(Train)\Debug\D1_19L1110_Train.kidsInfo.resources
D:\FAST NUCES\My Programs\D1_19L-1110_(Train)\D1_19L-1110_(Train)\Debug\D1_19L1110_Train.mainMenuForm.resources
D:\FAST NUCES\My Programs\D1_19L-1110_(Train)\D1_19L-1110_(Train)\Debug\D1_19L1110_Train.passengersDetails.resources
D:\FAST NUCES\My Programs\D1_19L-1110_(Train)\D1_19L-1110_(Train)\Debug\D1_19L1110_Train.trainBogies.resources
D:\FAST NUCES\MY PROGRAMS\D1_19L-1110_(TRAIN)\DEBUG\D1_19L-1110_(TRAIN).ILK
D:\FAST NUCES\MY PROGRAMS\D1_19L-1110_(TRAIN)\DEBUG\D1_19L-1110_(TRAIN).EXE
D:\FAST NUCES\MY PROGRAMS\D1_19L-1110_(TRAIN)\DEBUG\D1_19L-1110_(TRAIN).PDB
D:\FAST NUCES\My Programs\D1_19L-1110_(Train)\D1_19L-1110_(Train)\Debug\D1_19L-1110_(Train).vcxproj.GenerateResource.Cache
D:\FAST NUCES\My Programs\D1_19L-1110_(Train)\D1_19L-1110_(Train)\Debug\.NETFramework,Version=v4.5.AssemblyAttributes.obj
D:\FAST NUCES\My Programs\D1_19L-1110_(Train)\D1_19L-1110_(Train)\Debug\adultsInfo.obj
D:\FAST NUCES\My Programs\D1_19L-1110_(Train)\D1_19L-1110_(Train)\Debug\bogieDetails.obj
D:\FAST NUCES\My Programs\D1_19L-1110_(Train)\D1_19L-1110_(Train)\Debug\bogieIDForm.obj
D:\FAST NUCES\My Programs\D1_19L-1110_(Train)\D1_19L-1110_(Train)\Debug\kidsInfo.obj
D:\FAST NUCES\My Programs\D1_19L-1110_(Train)\D1_19L-1110_(Train)\Debug\main.obj
D:\FAST NUCES\My Programs\D1_19L-1110_(Train)\D1_19L-1110_(Train)\Debug\mainMenuForm.obj
D:\FAST NUCES\My Programs\D1_19L-1110_(Train)\D1_19L-1110_(Train)\Debug\passengersDetails.obj
D:\FAST NUCES\My Programs\D1_19L-1110_(Train)\D1_19L-1110_(Train)\Debug\trainBogies.obj
D:\FAST NUCES\My Programs\D1_19L-1110_(Train)\D1_19L-1110_(Train)\Debug\cl.command.1.tlog
D:\FAST NUCES\My Programs\D1_19L-1110_(Train)\D1_19L-1110_(Train)\Debug\CL.read.1.tlog
D:\FAST NUCES\My Programs\D1_19L-1110_(Train)\D1_19L-1110_(Train)\Debug\CL.write.1.tlog
D:\FAST NUCES\My Programs\D1_19L-1110_(Train)\D1_19L-1110_(Train)\Debug\D1_19L-1110_(Train).write.1.tlog
D:\FAST NUCES\My Programs\D1_19L-1110_(Train)\D1_19L-1110_(Train)\Debug\link.14616-cvtres.read.1.tlog
D:\FAST NUCES\My Programs\D1_19L-1110_(Train)\D1_19L-1110_(Train)\Debug\link.14616-cvtres.write.1.tlog
D:\FAST NUCES\My Programs\D1_19L-1110_(Train)\D1_19L-1110_(Train)\Debug\link.14616-rc.read.1.tlog
D:\FAST NUCES\My Programs\D1_19L-1110_(Train)\D1_19L-1110_(Train)\Debug\link.14616-rc.write.1.tlog
D:\FAST NUCES\My Programs\D1_19L-1110_(Train)\D1_19L-1110_(Train)\Debug\link.14616.read.1.tlog
D:\FAST NUCES\My Programs\D1_19L-1110_(Train)\D1_19L-1110_(Train)\Debug\link.14616.write.1.tlog
D:\FAST NUCES\My Programs\D1_19L-1110_(Train)\D1_19L-1110_(Train)\Debug\link.command.1.tlog
D:\FAST NUCES\My Programs\D1_19L-1110_(Train)\D1_19L-1110_(Train)\Debug\link.read.1.tlog
D:\FAST NUCES\My Programs\D1_19L-1110_(Train)\D1_19L-1110_(Train)\Debug\link.write.1.tlog
D:\FAST NUCES\My Programs\D1_19L-1110_(Train)\D1_19L-1110_(Train)\Debug\metagen.read.1.tlog
D:\FAST NUCES\My Programs\D1_19L-1110_(Train)\D1_19L-1110_(Train)\Debug\metagen.write.1.tlog
D:\FAST NUCES\My Programs\D1_19L-1110_(Train)\D1_19L-1110_(Train)\Debug\vc110.pdb
D:\FAST NUCES\My Programs\D1_19L-1110_(Train)\D1_19L-1110_(Train)\Debug\TZRES.DLL.bi
D:\FAST NUCES\My Programs\D1_19L-1110_(Train)\Debug\D1_19L-1110_(Train).pdb
D:\FAST NUCES\My Programs\D1_19L-1110_(Train)\Debug\D1_19L-1110_(Train).exe
D:\FAST NUCES\My Programs\D1_19L-1110_(Train)\Debug\D1_19L-1110_(Train).ilk
